000 (9852.000.000) 11/24 16:41:15 Job submitted from host: <192.168.1.1:55361>
...
000 (9853.000.000) 11/24 16:41:15 Job submitted from host: <192.168.1.1:55361>
...
000 (9854.000.000) 11/24 16:41:15 Job submitted from host: <192.168.1.1:55361>
...
000 (9855.000.000) 11/24 16:41:15 Job submitted from host: <192.168.1.1:55361>
...
000 (9856.000.000) 11/24 16:41:15 Job submitted from host: <192.168.1.1:55361>
...
000 (9857.000.000) 11/24 16:41:15 Job submitted from host: <192.168.1.1:55361>
...
001 (9854.000.000) 11/24 16:42:16 Job executing on host: <192.168.1.102:32853>
...
001 (9855.000.000) 11/24 16:42:16 Job executing on host: <192.168.1.103:46516>
...
001 (9852.000.000) 11/24 16:42:16 Job executing on host: <192.168.1.102:32853>
...
001 (9856.000.000) 11/24 16:42:16 Job executing on host: <192.168.1.102:32853>
...
001 (9857.000.000) 11/24 16:42:16 Job executing on host: <192.168.1.104:54932>
...
001 (9853.000.000) 11/24 16:42:16 Job executing on host: <192.168.1.103:46516>
...
006 (9854.000.000) 11/24 16:42:24 Image size of job updated: 4004
...
006 (9855.000.000) 11/24 16:42:24 Image size of job updated: 4004
...
005 (9853.000.000) 11/24 16:42:35 Job terminated.
	(1) Normal termination (return value 0)
		Usr 0 00:00:10, Sys 0 00:00:00  -  Run Remote Usage
		Usr 0 00:00:00, Sys 0 00:00:00  -  Run Local Usage
		Usr 0 00:00:10, Sys 0 00:00:00  -  Total Remote Usage
		Usr 0 00:00:00, Sys 0 00:00:00  -  Total Local Usage
	7946  -  Run Bytes Sent By Job
	70851  -  Run Bytes Received By Job
	7946  -  Total Bytes Sent By Job
	70851  -  Total Bytes Received By Job
...
005 (9852.000.000) 11/24 16:42:36 Job terminated.
	(1) Normal termination (return value 0)
		Usr 0 00:00:13, Sys 0 00:00:00  -  Run Remote Usage
		Usr 0 00:00:00, Sys 0 00:00:00  -  Run Local Usage
		Usr 0 00:00:13, Sys 0 00:00:00  -  Total Remote Usage
		Usr 0 00:00:00, Sys 0 00:00:00  -  Total Local Usage
	7949  -  Run Bytes Sent By Job
	70851  -  Run Bytes Received By Job
	7949  -  Total Bytes Sent By Job
	70851  -  Total Bytes Received By Job
...
005 (9855.000.000) 11/24 16:42:44 Job terminated.
	(1) Normal termination (return value 0)
		Usr 0 00:00:25, Sys 0 00:00:00  -  Run Remote Usage
		Usr 0 00:00:00, Sys 0 00:00:00  -  Run Local Usage
		Usr 0 00:00:25, Sys 0 00:00:00  -  Total Remote Usage
		Usr 0 00:00:00, Sys 0 00:00:00  -  Total Local Usage
	7947  -  Run Bytes Sent By Job
	70851  -  Run Bytes Received By Job
	7947  -  Total Bytes Sent By Job
	70851  -  Total Bytes Received By Job
...
005 (9857.000.000) 11/24 16:42:44 Job terminated.
	(1) Normal termination (return value 0)
		Usr 0 00:00:25, Sys 0 00:00:00  -  Run Remote Usage
		Usr 0 00:00:00, Sys 0 00:00:00  -  Run Local Usage
		Usr 0 00:00:25, Sys 0 00:00:00  -  Total Remote Usage
		Usr 0 00:00:00, Sys 0 00:00:00  -  Total Local Usage
	7952  -  Run Bytes Sent By Job
	70924  -  Run Bytes Received By Job
	7952  -  Total Bytes Sent By Job
	70924  -  Total Bytes Received By Job
...
005 (9856.000.000) 11/24 16:42:48 Job terminated.
	(1) Normal termination (return value 0)
		Usr 0 00:00:22, Sys 0 00:00:00  -  Run Remote Usage
		Usr 0 00:00:00, Sys 0 00:00:00  -  Run Local Usage
		Usr 0 00:00:22, Sys 0 00:00:00  -  Total Remote Usage
		Usr 0 00:00:00, Sys 0 00:00:00  -  Total Local Usage
	7955  -  Run Bytes Sent By Job
	70924  -  Run Bytes Received By Job
	7955  -  Total Bytes Sent By Job
	70924  -  Total Bytes Received By Job
...
005 (9854.000.000) 11/24 16:42:49 Job terminated.
	(1) Normal termination (return value 0)
		Usr 0 00:00:27, Sys 0 00:00:00  -  Run Remote Usage
		Usr 0 00:00:00, Sys 0 00:00:00  -  Run Local Usage
		Usr 0 00:00:27, Sys 0 00:00:00  -  Total Remote Usage
		Usr 0 00:00:00, Sys 0 00:00:00  -  Total Local Usage
	7950  -  Run Bytes Sent By Job
	70851  -  Run Bytes Received By Job
	7950  -  Total Bytes Sent By Job
	70851  -  Total Bytes Received By Job
...
000 (9871.000.000) 11/24 16:52:02 Job submitted from host: <192.168.1.1:55361>
...
000 (9872.000.000) 11/24 16:52:02 Job submitted from host: <192.168.1.1:55361>
...
000 (9873.000.000) 11/24 16:52:02 Job submitted from host: <192.168.1.1:55361>
...
000 (9874.000.000) 11/24 16:52:02 Job submitted from host: <192.168.1.1:55361>
...
000 (9875.000.000) 11/24 16:52:02 Job submitted from host: <192.168.1.1:55361>
...
000 (9876.000.000) 11/24 16:52:02 Job submitted from host: <192.168.1.1:55361>
...
001 (9875.000.000) 11/24 16:57:10 Job executing on host: <192.168.1.103:46516>
...
001 (9873.000.000) 11/24 16:57:10 Job executing on host: <192.168.1.103:46516>
...
001 (9874.000.000) 11/24 16:57:10 Job executing on host: <192.168.1.102:32853>
...
001 (9871.000.000) 11/24 16:57:10 Job executing on host: <192.168.1.102:32853>
...
001 (9872.000.000) 11/24 16:57:10 Job executing on host: <192.168.1.102:32853>
...
001 (9876.000.000) 11/24 16:57:10 Job executing on host: <192.168.1.102:32853>
...
006 (9871.000.000) 11/24 16:57:18 Image size of job updated: 4004
...
006 (9874.000.000) 11/24 16:57:18 Image size of job updated: 4004
...
006 (9872.000.000) 11/24 16:57:18 Image size of job updated: 4004
...
005 (9872.000.000) 11/24 16:57:30 Job terminated.
	(1) Normal termination (return value 0)
		Usr 0 00:00:12, Sys 0 00:00:00  -  Run Remote Usage
		Usr 0 00:00:00, Sys 0 00:00:00  -  Run Local Usage
		Usr 0 00:00:12, Sys 0 00:00:00  -  Total Remote Usage
		Usr 0 00:00:00, Sys 0 00:00:00  -  Total Local Usage
	7946  -  Run Bytes Sent By Job
	70851  -  Run Bytes Received By Job
	7946  -  Total Bytes Sent By Job
	70851  -  Total Bytes Received By Job
...
005 (9871.000.000) 11/24 16:57:31 Job terminated.
	(1) Normal termination (return value 0)
		Usr 0 00:00:19, Sys 0 00:00:00  -  Run Remote Usage
		Usr 0 00:00:00, Sys 0 00:00:00  -  Run Local Usage
		Usr 0 00:00:19, Sys 0 00:00:00  -  Total Remote Usage
		Usr 0 00:00:00, Sys 0 00:00:00  -  Total Local Usage
	7949  -  Run Bytes Sent By Job
	70851  -  Run Bytes Received By Job
	7949  -  Total Bytes Sent By Job
	70851  -  Total Bytes Received By Job
...
005 (9876.000.000) 11/24 16:57:37 Job terminated.
	(1) Normal termination (return value 0)
		Usr 0 00:00:20, Sys 0 00:00:00  -  Run Remote Usage
		Usr 0 00:00:00, Sys 0 00:00:00  -  Run Local Usage
		Usr 0 00:00:20, Sys 0 00:00:00  -  Total Remote Usage
		Usr 0 00:00:00, Sys 0 00:00:00  -  Total Local Usage
	7952  -  Run Bytes Sent By Job
	70924  -  Run Bytes Received By Job
	7952  -  Total Bytes Sent By Job
	70924  -  Total Bytes Received By Job
...
005 (9874.000.000) 11/24 16:57:37 Job terminated.
	(1) Normal termination (return value 0)
		Usr 0 00:00:26, Sys 0 00:00:00  -  Run Remote Usage
		Usr 0 00:00:00, Sys 0 00:00:00  -  Run Local Usage
		Usr 0 00:00:26, Sys 0 00:00:00  -  Total Remote Usage
		Usr 0 00:00:00, Sys 0 00:00:00  -  Total Local Usage
	7947  -  Run Bytes Sent By Job
	70851  -  Run Bytes Received By Job
	7947  -  Total Bytes Sent By Job
	70851  -  Total Bytes Received By Job
...
005 (9875.000.000) 11/24 16:57:38 Job terminated.
	(1) Normal termination (return value 0)
		Usr 0 00:00:14, Sys 0 00:00:00  -  Run Remote Usage
		Usr 0 00:00:00, Sys 0 00:00:00  -  Run Local Usage
		Usr 0 00:00:14, Sys 0 00:00:00  -  Total Remote Usage
		Usr 0 00:00:00, Sys 0 00:00:00  -  Total Local Usage
	7955  -  Run Bytes Sent By Job
	70924  -  Run Bytes Received By Job
	7955  -  Total Bytes Sent By Job
	70924  -  Total Bytes Received By Job
...
005 (9873.000.000) 11/24 16:57:38 Job terminated.
	(1) Normal termination (return value 0)
		Usr 0 00:00:27, Sys 0 00:00:00  -  Run Remote Usage
		Usr 0 00:00:00, Sys 0 00:00:00  -  Run Local Usage
		Usr 0 00:00:27, Sys 0 00:00:00  -  Total Remote Usage
		Usr 0 00:00:00, Sys 0 00:00:00  -  Total Local Usage
	7950  -  Run Bytes Sent By Job
	70851  -  Run Bytes Received By Job
	7950  -  Total Bytes Sent By Job
	70851  -  Total Bytes Received By Job
...
