000 (9681.000.000) 11/21 15:45:45 Job submitted from host: <192.168.1.1:55361>
...
001 (9681.000.000) 11/21 15:45:55 Job executing on host: <192.168.1.102:32853>
...
005 (9681.000.000) 11/21 15:46:40 Job terminated.
	(1) Normal termination (return value 1)
		Usr 0 00:00:44, Sys 0 00:00:00  -  Run Remote Usage
		Usr 0 00:00:00, Sys 0 00:00:00  -  Run Local Usage
		Usr 0 00:00:44, Sys 0 00:00:00  -  Total Remote Usage
		Usr 0 00:00:00, Sys 0 00:00:00  -  Total Local Usage
	1765  -  Run Bytes Sent By Job
	17692  -  Run Bytes Received By Job
	1765  -  Total Bytes Sent By Job
	17692  -  Total Bytes Received By Job
...
000 (9770.000.000) 11/24 15:38:33 Job submitted from host: <192.168.1.1:55361>
...
001 (9770.000.000) 11/24 15:43:41 Job executing on host: <192.168.1.102:32853>
...
005 (9770.000.000) 11/24 15:44:25 Job terminated.
	(1) Normal termination (return value 1)
		Usr 0 00:00:44, Sys 0 00:00:00  -  Run Remote Usage
		Usr 0 00:00:00, Sys 0 00:00:00  -  Run Local Usage
		Usr 0 00:00:44, Sys 0 00:00:00  -  Total Remote Usage
		Usr 0 00:00:00, Sys 0 00:00:00  -  Total Local Usage
	1765  -  Run Bytes Sent By Job
	17692  -  Run Bytes Received By Job
	1765  -  Total Bytes Sent By Job
	17692  -  Total Bytes Received By Job
...
000 (9834.000.000) 11/24 16:34:00 Job submitted from host: <192.168.1.1:55361>
...
001 (9834.000.000) 11/24 16:34:05 Job executing on host: <192.168.1.104:54932>
...
005 (9834.000.000) 11/24 16:34:50 Job terminated.
	(1) Normal termination (return value 1)
		Usr 0 00:00:29, Sys 0 00:00:00  -  Run Remote Usage
		Usr 0 00:00:00, Sys 0 00:00:00  -  Run Local Usage
		Usr 0 00:00:29, Sys 0 00:00:00  -  Total Remote Usage
		Usr 0 00:00:00, Sys 0 00:00:00  -  Total Local Usage
	1765  -  Run Bytes Sent By Job
	17692  -  Run Bytes Received By Job
	1765  -  Total Bytes Sent By Job
	17692  -  Total Bytes Received By Job
...
