000 (9885.000.000) 11/24 16:57:48 Job submitted from host: <192.168.1.1:55361>
...
000 (9885.001.000) 11/24 16:57:48 Job submitted from host: <192.168.1.1:55361>
...
000 (9885.002.000) 11/24 16:57:48 Job submitted from host: <192.168.1.1:55361>
...
000 (9885.003.000) 11/24 16:57:48 Job submitted from host: <192.168.1.1:55361>
...
000 (9885.004.000) 11/24 16:57:48 Job submitted from host: <192.168.1.1:55361>
...
000 (9885.005.000) 11/24 16:57:48 Job submitted from host: <192.168.1.1:55361>
...
000 (9885.006.000) 11/24 16:57:48 Job submitted from host: <192.168.1.1:55361>
...
000 (9885.007.000) 11/24 16:57:48 Job submitted from host: <192.168.1.1:55361>
...
000 (9885.008.000) 11/24 16:57:48 Job submitted from host: <192.168.1.1:55361>
...
000 (9885.009.000) 11/24 16:57:48 Job submitted from host: <192.168.1.1:55361>
...
000 (9885.010.000) 11/24 16:57:48 Job submitted from host: <192.168.1.1:55361>
...
000 (9885.011.000) 11/24 16:57:48 Job submitted from host: <192.168.1.1:55361>
...
000 (9885.012.000) 11/24 16:57:48 Job submitted from host: <192.168.1.1:55361>
...
000 (9885.013.000) 11/24 16:57:48 Job submitted from host: <192.168.1.1:55361>
...
000 (9885.014.000) 11/24 16:57:48 Job submitted from host: <192.168.1.1:55361>
...
000 (9885.015.000) 11/24 16:57:48 Job submitted from host: <192.168.1.1:55361>
...
000 (9885.016.000) 11/24 16:57:48 Job submitted from host: <192.168.1.1:55361>
...
000 (9885.017.000) 11/24 16:57:48 Job submitted from host: <192.168.1.1:55361>
...
000 (9885.018.000) 11/24 16:57:48 Job submitted from host: <192.168.1.1:55361>
...
000 (9885.019.000) 11/24 16:57:48 Job submitted from host: <192.168.1.1:55361>
...
000 (9885.020.000) 11/24 16:57:48 Job submitted from host: <192.168.1.1:55361>
...
000 (9885.021.000) 11/24 16:57:48 Job submitted from host: <192.168.1.1:55361>
...
000 (9885.022.000) 11/24 16:57:48 Job submitted from host: <192.168.1.1:55361>
...
000 (9885.023.000) 11/24 16:57:48 Job submitted from host: <192.168.1.1:55361>
...
000 (9885.024.000) 11/24 16:57:48 Job submitted from host: <192.168.1.1:55361>
...
000 (9885.025.000) 11/24 16:57:48 Job submitted from host: <192.168.1.1:55361>
...
000 (9885.026.000) 11/24 16:57:48 Job submitted from host: <192.168.1.1:55361>
...
000 (9885.027.000) 11/24 16:57:48 Job submitted from host: <192.168.1.1:55361>
...
000 (9885.028.000) 11/24 16:57:48 Job submitted from host: <192.168.1.1:55361>
...
000 (9885.029.000) 11/24 16:57:48 Job submitted from host: <192.168.1.1:55361>
...
000 (9885.030.000) 11/24 16:57:48 Job submitted from host: <192.168.1.1:55361>
...
000 (9885.031.000) 11/24 16:57:48 Job submitted from host: <192.168.1.1:55361>
...
000 (9885.032.000) 11/24 16:57:48 Job submitted from host: <192.168.1.1:55361>
...
000 (9885.033.000) 11/24 16:57:48 Job submitted from host: <192.168.1.1:55361>
...
000 (9885.034.000) 11/24 16:57:48 Job submitted from host: <192.168.1.1:55361>
...
000 (9885.035.000) 11/24 16:57:48 Job submitted from host: <192.168.1.1:55361>
...
000 (9885.036.000) 11/24 16:57:48 Job submitted from host: <192.168.1.1:55361>
...
000 (9885.037.000) 11/24 16:57:48 Job submitted from host: <192.168.1.1:55361>
...
000 (9885.038.000) 11/24 16:57:48 Job submitted from host: <192.168.1.1:55361>
...
000 (9885.039.000) 11/24 16:57:48 Job submitted from host: <192.168.1.1:55361>
...
000 (9885.040.000) 11/24 16:57:48 Job submitted from host: <192.168.1.1:55361>
...
000 (9885.041.000) 11/24 16:57:48 Job submitted from host: <192.168.1.1:55361>
...
000 (9885.042.000) 11/24 16:57:48 Job submitted from host: <192.168.1.1:55361>
...
000 (9885.043.000) 11/24 16:57:48 Job submitted from host: <192.168.1.1:55361>
...
000 (9885.044.000) 11/24 16:57:48 Job submitted from host: <192.168.1.1:55361>
...
000 (9885.045.000) 11/24 16:57:48 Job submitted from host: <192.168.1.1:55361>
...
000 (9885.046.000) 11/24 16:57:48 Job submitted from host: <192.168.1.1:55361>
...
000 (9885.047.000) 11/24 16:57:48 Job submitted from host: <192.168.1.1:55361>
...
000 (9885.048.000) 11/24 16:57:48 Job submitted from host: <192.168.1.1:55361>
...
000 (9885.049.000) 11/24 16:57:48 Job submitted from host: <192.168.1.1:55361>
...
001 (9885.000.000) 11/24 17:02:34 Job executing on host: <192.168.1.102:32853>
...
001 (9885.003.000) 11/24 17:02:34 Job executing on host: <192.168.1.103:46516>
...
001 (9885.001.000) 11/24 17:02:34 Job executing on host: <192.168.1.103:46516>
...
001 (9885.004.000) 11/24 17:02:34 Job executing on host: <192.168.1.102:32853>
...
005 (9885.000.000) 11/24 17:02:34 Job terminated.
	(1) Normal termination (return value 0)
		Usr 0 00:00:00, Sys 0 00:00:00  -  Run Remote Usage
		Usr 0 00:00:00, Sys 0 00:00:00  -  Run Local Usage
		Usr 0 00:00:00, Sys 0 00:00:00  -  Total Remote Usage
		Usr 0 00:00:00, Sys 0 00:00:00  -  Total Local Usage
	9  -  Run Bytes Sent By Job
	11305  -  Run Bytes Received By Job
	9  -  Total Bytes Sent By Job
	11305  -  Total Bytes Received By Job
...
005 (9885.003.000) 11/24 17:02:34 Job terminated.
	(1) Normal termination (return value 0)
		Usr 0 00:00:00, Sys 0 00:00:00  -  Run Remote Usage
		Usr 0 00:00:00, Sys 0 00:00:00  -  Run Local Usage
		Usr 0 00:00:00, Sys 0 00:00:00  -  Total Remote Usage
		Usr 0 00:00:00, Sys 0 00:00:00  -  Total Local Usage
	9  -  Run Bytes Sent By Job
	11305  -  Run Bytes Received By Job
	9  -  Total Bytes Sent By Job
	11305  -  Total Bytes Received By Job
...
001 (9885.006.000) 11/24 17:02:34 Job executing on host: <192.168.1.103:46516>
...
001 (9885.002.000) 11/24 17:02:35 Job executing on host: <192.168.1.102:32853>
...
001 (9885.015.000) 11/24 17:02:35 Job executing on host: <192.168.1.106:36053>
...
005 (9885.001.000) 11/24 17:02:35 Job terminated.
	(1) Normal termination (return value 0)
		Usr 0 00:00:00, Sys 0 00:00:00  -  Run Remote Usage
		Usr 0 00:00:00, Sys 0 00:00:00  -  Run Local Usage
		Usr 0 00:00:00, Sys 0 00:00:00  -  Total Remote Usage
		Usr 0 00:00:00, Sys 0 00:00:00  -  Total Local Usage
	9  -  Run Bytes Sent By Job
	11305  -  Run Bytes Received By Job
	9  -  Total Bytes Sent By Job
	11305  -  Total Bytes Received By Job
...
001 (9885.021.000) 11/24 17:02:35 Job executing on host: <192.168.1.108:51222>
...
001 (9885.008.000) 11/24 17:02:35 Job executing on host: <192.168.1.103:46516>
...
001 (9885.011.000) 11/24 17:02:35 Job executing on host: <192.168.1.106:36053>
...
001 (9885.007.000) 11/24 17:02:35 Job executing on host: <192.168.1.104:54932>
...
001 (9885.016.000) 11/24 17:02:35 Job executing on host: <192.168.1.107:35961>
...
001 (9885.009.000) 11/24 17:02:35 Job executing on host: <192.168.1.104:54932>
...
001 (9885.012.000) 11/24 17:02:35 Job executing on host: <192.168.1.106:36053>
...
005 (9885.004.000) 11/24 17:02:35 Job terminated.
	(1) Normal termination (return value 0)
		Usr 0 00:00:00, Sys 0 00:00:00  -  Run Remote Usage
		Usr 0 00:00:00, Sys 0 00:00:00  -  Run Local Usage
		Usr 0 00:00:00, Sys 0 00:00:00  -  Total Remote Usage
		Usr 0 00:00:00, Sys 0 00:00:00  -  Total Local Usage
	9  -  Run Bytes Sent By Job
	11305  -  Run Bytes Received By Job
	9  -  Total Bytes Sent By Job
	11305  -  Total Bytes Received By Job
...
001 (9885.020.000) 11/24 17:02:35 Job executing on host: <192.168.1.107:35961>
...
001 (9885.022.000) 11/24 17:02:35 Job executing on host: <192.168.1.108:51222>
...
001 (9885.013.000) 11/24 17:02:35 Job executing on host: <192.168.1.106:36053>
...
001 (9885.014.000) 11/24 17:02:35 Job executing on host: <192.168.1.107:35961>
...
005 (9885.002.000) 11/24 17:02:35 Job terminated.
	(1) Normal termination (return value 0)
		Usr 0 00:00:00, Sys 0 00:00:00  -  Run Remote Usage
		Usr 0 00:00:00, Sys 0 00:00:00  -  Run Local Usage
		Usr 0 00:00:00, Sys 0 00:00:00  -  Total Remote Usage
		Usr 0 00:00:00, Sys 0 00:00:00  -  Total Local Usage
	9  -  Run Bytes Sent By Job
	11305  -  Run Bytes Received By Job
	9  -  Total Bytes Sent By Job
	11305  -  Total Bytes Received By Job
...
005 (9885.006.000) 11/24 17:02:36 Job terminated.
	(1) Normal termination (return value 0)
		Usr 0 00:00:00, Sys 0 00:00:00  -  Run Remote Usage
		Usr 0 00:00:00, Sys 0 00:00:00  -  Run Local Usage
		Usr 0 00:00:00, Sys 0 00:00:00  -  Total Remote Usage
		Usr 0 00:00:00, Sys 0 00:00:00  -  Total Local Usage
	9  -  Run Bytes Sent By Job
	11305  -  Run Bytes Received By Job
	9  -  Total Bytes Sent By Job
	11305  -  Total Bytes Received By Job
...
001 (9885.019.000) 11/24 17:02:36 Job executing on host: <192.168.1.108:51222>
...
001 (9885.010.000) 11/24 17:02:36 Job executing on host: <192.168.1.104:54932>
...
005 (9885.015.000) 11/24 17:02:36 Job terminated.
	(1) Normal termination (return value 0)
		Usr 0 00:00:00, Sys 0 00:00:00  -  Run Remote Usage
		Usr 0 00:00:00, Sys 0 00:00:00  -  Run Local Usage
		Usr 0 00:00:00, Sys 0 00:00:00  -  Total Remote Usage
		Usr 0 00:00:00, Sys 0 00:00:00  -  Total Local Usage
	9  -  Run Bytes Sent By Job
	11305  -  Run Bytes Received By Job
	9  -  Total Bytes Sent By Job
	11305  -  Total Bytes Received By Job
...
001 (9885.017.000) 11/24 17:02:36 Job executing on host: <192.168.1.107:35961>
...
001 (9885.018.000) 11/24 17:02:36 Job executing on host: <192.168.1.108:51222>
...
001 (9885.005.000) 11/24 17:02:36 Job executing on host: <192.168.1.104:54932>
...
001 (9885.023.000) 11/24 17:02:36 Job executing on host: <192.168.1.102:32853>
...
001 (9885.024.000) 11/24 17:02:36 Job executing on host: <192.168.1.103:46516>
...
005 (9885.021.000) 11/24 17:02:37 Job terminated.
	(1) Normal termination (return value 0)
		Usr 0 00:00:00, Sys 0 00:00:00  -  Run Remote Usage
		Usr 0 00:00:00, Sys 0 00:00:00  -  Run Local Usage
		Usr 0 00:00:00, Sys 0 00:00:00  -  Total Remote Usage
		Usr 0 00:00:00, Sys 0 00:00:00  -  Total Local Usage
	9  -  Run Bytes Sent By Job
	11305  -  Run Bytes Received By Job
	9  -  Total Bytes Sent By Job
	11305  -  Total Bytes Received By Job
...
005 (9885.011.000) 11/24 17:02:37 Job terminated.
	(1) Normal termination (return value 0)
		Usr 0 00:00:00, Sys 0 00:00:00  -  Run Remote Usage
		Usr 0 00:00:00, Sys 0 00:00:00  -  Run Local Usage
		Usr 0 00:00:00, Sys 0 00:00:00  -  Total Remote Usage
		Usr 0 00:00:00, Sys 0 00:00:00  -  Total Local Usage
	9  -  Run Bytes Sent By Job
	11305  -  Run Bytes Received By Job
	9  -  Total Bytes Sent By Job
	11305  -  Total Bytes Received By Job
...
005 (9885.008.000) 11/24 17:02:37 Job terminated.
	(1) Normal termination (return value 0)
		Usr 0 00:00:00, Sys 0 00:00:00  -  Run Remote Usage
		Usr 0 00:00:00, Sys 0 00:00:00  -  Run Local Usage
		Usr 0 00:00:00, Sys 0 00:00:00  -  Total Remote Usage
		Usr 0 00:00:00, Sys 0 00:00:00  -  Total Local Usage
	9  -  Run Bytes Sent By Job
	11305  -  Run Bytes Received By Job
	9  -  Total Bytes Sent By Job
	11305  -  Total Bytes Received By Job
...
001 (9885.025.000) 11/24 17:02:38 Job executing on host: <192.168.1.103:46516>
...
005 (9885.007.000) 11/24 17:02:38 Job terminated.
	(1) Normal termination (return value 0)
		Usr 0 00:00:00, Sys 0 00:00:00  -  Run Remote Usage
		Usr 0 00:00:00, Sys 0 00:00:00  -  Run Local Usage
		Usr 0 00:00:00, Sys 0 00:00:00  -  Total Remote Usage
		Usr 0 00:00:00, Sys 0 00:00:00  -  Total Local Usage
	9  -  Run Bytes Sent By Job
	11305  -  Run Bytes Received By Job
	9  -  Total Bytes Sent By Job
	11305  -  Total Bytes Received By Job
...
001 (9885.026.000) 11/24 17:02:38 Job executing on host: <192.168.1.102:32853>
...
005 (9885.012.000) 11/24 17:02:38 Job terminated.
	(1) Normal termination (return value 0)
		Usr 0 00:00:00, Sys 0 00:00:00  -  Run Remote Usage
		Usr 0 00:00:00, Sys 0 00:00:00  -  Run Local Usage
		Usr 0 00:00:00, Sys 0 00:00:00  -  Total Remote Usage
		Usr 0 00:00:00, Sys 0 00:00:00  -  Total Local Usage
	9  -  Run Bytes Sent By Job
	11305  -  Run Bytes Received By Job
	9  -  Total Bytes Sent By Job
	11305  -  Total Bytes Received By Job
...
005 (9885.009.000) 11/24 17:02:38 Job terminated.
	(1) Normal termination (return value 0)
		Usr 0 00:00:00, Sys 0 00:00:00  -  Run Remote Usage
		Usr 0 00:00:00, Sys 0 00:00:00  -  Run Local Usage
		Usr 0 00:00:00, Sys 0 00:00:00  -  Total Remote Usage
		Usr 0 00:00:00, Sys 0 00:00:00  -  Total Local Usage
	9  -  Run Bytes Sent By Job
	11305  -  Run Bytes Received By Job
	9  -  Total Bytes Sent By Job
	11305  -  Total Bytes Received By Job
...
001 (9885.027.000) 11/24 17:02:38 Job executing on host: <192.168.1.102:32853>
...
005 (9885.020.000) 11/24 17:02:38 Job terminated.
	(1) Normal termination (return value 0)
		Usr 0 00:00:00, Sys 0 00:00:00  -  Run Remote Usage
		Usr 0 00:00:00, Sys 0 00:00:00  -  Run Local Usage
		Usr 0 00:00:00, Sys 0 00:00:00  -  Total Remote Usage
		Usr 0 00:00:00, Sys 0 00:00:00  -  Total Local Usage
	9  -  Run Bytes Sent By Job
	11305  -  Run Bytes Received By Job
	9  -  Total Bytes Sent By Job
	11305  -  Total Bytes Received By Job
...
001 (9885.029.000) 11/24 17:02:39 Job executing on host: <192.168.1.106:36053>
...
001 (9885.028.000) 11/24 17:02:39 Job executing on host: <192.168.1.103:46516>
...
005 (9885.022.000) 11/24 17:02:39 Job terminated.
	(1) Normal termination (return value 0)
		Usr 0 00:00:00, Sys 0 00:00:00  -  Run Remote Usage
		Usr 0 00:00:00, Sys 0 00:00:00  -  Run Local Usage
		Usr 0 00:00:00, Sys 0 00:00:00  -  Total Remote Usage
		Usr 0 00:00:00, Sys 0 00:00:00  -  Total Local Usage
	9  -  Run Bytes Sent By Job
	11305  -  Run Bytes Received By Job
	9  -  Total Bytes Sent By Job
	11305  -  Total Bytes Received By Job
...
005 (9885.013.000) 11/24 17:02:39 Job terminated.
	(1) Normal termination (return value 0)
		Usr 0 00:00:00, Sys 0 00:00:00  -  Run Remote Usage
		Usr 0 00:00:00, Sys 0 00:00:00  -  Run Local Usage
		Usr 0 00:00:00, Sys 0 00:00:00  -  Total Remote Usage
		Usr 0 00:00:00, Sys 0 00:00:00  -  Total Local Usage
	9  -  Run Bytes Sent By Job
	11305  -  Run Bytes Received By Job
	9  -  Total Bytes Sent By Job
	11305  -  Total Bytes Received By Job
...
005 (9885.010.000) 11/24 17:02:40 Job terminated.
	(1) Normal termination (return value 0)
		Usr 0 00:00:00, Sys 0 00:00:00  -  Run Remote Usage
		Usr 0 00:00:00, Sys 0 00:00:00  -  Run Local Usage
		Usr 0 00:00:00, Sys 0 00:00:00  -  Total Remote Usage
		Usr 0 00:00:00, Sys 0 00:00:00  -  Total Local Usage
	9  -  Run Bytes Sent By Job
	11305  -  Run Bytes Received By Job
	9  -  Total Bytes Sent By Job
	11305  -  Total Bytes Received By Job
...
005 (9885.014.000) 11/24 17:02:40 Job terminated.
	(1) Normal termination (return value 0)
		Usr 0 00:00:00, Sys 0 00:00:00  -  Run Remote Usage
		Usr 0 00:00:00, Sys 0 00:00:00  -  Run Local Usage
		Usr 0 00:00:00, Sys 0 00:00:00  -  Total Remote Usage
		Usr 0 00:00:00, Sys 0 00:00:00  -  Total Local Usage
	9  -  Run Bytes Sent By Job
	11305  -  Run Bytes Received By Job
	9  -  Total Bytes Sent By Job
	11305  -  Total Bytes Received By Job
...
005 (9885.019.000) 11/24 17:02:40 Job terminated.
	(1) Normal termination (return value 0)
		Usr 0 00:00:00, Sys 0 00:00:00  -  Run Remote Usage
		Usr 0 00:00:00, Sys 0 00:00:00  -  Run Local Usage
		Usr 0 00:00:00, Sys 0 00:00:00  -  Total Remote Usage
		Usr 0 00:00:00, Sys 0 00:00:00  -  Total Local Usage
	9  -  Run Bytes Sent By Job
	11305  -  Run Bytes Received By Job
	9  -  Total Bytes Sent By Job
	11305  -  Total Bytes Received By Job
...
005 (9885.018.000) 11/24 17:02:41 Job terminated.
	(1) Normal termination (return value 0)
		Usr 0 00:00:00, Sys 0 00:00:00  -  Run Remote Usage
		Usr 0 00:00:00, Sys 0 00:00:00  -  Run Local Usage
		Usr 0 00:00:00, Sys 0 00:00:00  -  Total Remote Usage
		Usr 0 00:00:00, Sys 0 00:00:00  -  Total Local Usage
	9  -  Run Bytes Sent By Job
	11305  -  Run Bytes Received By Job
	9  -  Total Bytes Sent By Job
	11305  -  Total Bytes Received By Job
...
005 (9885.016.000) 11/24 17:02:41 Job terminated.
	(1) Normal termination (return value 0)
		Usr 0 00:00:00, Sys 0 00:00:00  -  Run Remote Usage
		Usr 0 00:00:00, Sys 0 00:00:00  -  Run Local Usage
		Usr 0 00:00:00, Sys 0 00:00:00  -  Total Remote Usage
		Usr 0 00:00:00, Sys 0 00:00:00  -  Total Local Usage
	9  -  Run Bytes Sent By Job
	11305  -  Run Bytes Received By Job
	9  -  Total Bytes Sent By Job
	11305  -  Total Bytes Received By Job
...
005 (9885.024.000) 11/24 17:02:42 Job terminated.
	(1) Normal termination (return value 0)
		Usr 0 00:00:00, Sys 0 00:00:00  -  Run Remote Usage
		Usr 0 00:00:00, Sys 0 00:00:00  -  Run Local Usage
		Usr 0 00:00:00, Sys 0 00:00:00  -  Total Remote Usage
		Usr 0 00:00:00, Sys 0 00:00:00  -  Total Local Usage
	9  -  Run Bytes Sent By Job
	11305  -  Run Bytes Received By Job
	9  -  Total Bytes Sent By Job
	11305  -  Total Bytes Received By Job
...
005 (9885.023.000) 11/24 17:02:43 Job terminated.
	(1) Normal termination (return value 0)
		Usr 0 00:00:00, Sys 0 00:00:00  -  Run Remote Usage
		Usr 0 00:00:00, Sys 0 00:00:00  -  Run Local Usage
		Usr 0 00:00:00, Sys 0 00:00:00  -  Total Remote Usage
		Usr 0 00:00:00, Sys 0 00:00:00  -  Total Local Usage
	9  -  Run Bytes Sent By Job
	11305  -  Run Bytes Received By Job
	9  -  Total Bytes Sent By Job
	11305  -  Total Bytes Received By Job
...
005 (9885.005.000) 11/24 17:02:43 Job terminated.
	(1) Normal termination (return value 0)
		Usr 0 00:00:00, Sys 0 00:00:00  -  Run Remote Usage
		Usr 0 00:00:00, Sys 0 00:00:00  -  Run Local Usage
		Usr 0 00:00:00, Sys 0 00:00:00  -  Total Remote Usage
		Usr 0 00:00:00, Sys 0 00:00:00  -  Total Local Usage
	9  -  Run Bytes Sent By Job
	11305  -  Run Bytes Received By Job
	9  -  Total Bytes Sent By Job
	11305  -  Total Bytes Received By Job
...
005 (9885.017.000) 11/24 17:02:43 Job terminated.
	(1) Normal termination (return value 0)
		Usr 0 00:00:00, Sys 0 00:00:00  -  Run Remote Usage
		Usr 0 00:00:00, Sys 0 00:00:00  -  Run Local Usage
		Usr 0 00:00:00, Sys 0 00:00:00  -  Total Remote Usage
		Usr 0 00:00:00, Sys 0 00:00:00  -  Total Local Usage
	9  -  Run Bytes Sent By Job
	11305  -  Run Bytes Received By Job
	9  -  Total Bytes Sent By Job
	11305  -  Total Bytes Received By Job
...
005 (9885.025.000) 11/24 17:02:44 Job terminated.
	(1) Normal termination (return value 0)
		Usr 0 00:00:00, Sys 0 00:00:00  -  Run Remote Usage
		Usr 0 00:00:00, Sys 0 00:00:00  -  Run Local Usage
		Usr 0 00:00:00, Sys 0 00:00:00  -  Total Remote Usage
		Usr 0 00:00:00, Sys 0 00:00:00  -  Total Local Usage
	10  -  Run Bytes Sent By Job
	11305  -  Run Bytes Received By Job
	10  -  Total Bytes Sent By Job
	11305  -  Total Bytes Received By Job
...
005 (9885.026.000) 11/24 17:02:45 Job terminated.
	(1) Normal termination (return value 0)
		Usr 0 00:00:00, Sys 0 00:00:00  -  Run Remote Usage
		Usr 0 00:00:00, Sys 0 00:00:00  -  Run Local Usage
		Usr 0 00:00:00, Sys 0 00:00:00  -  Total Remote Usage
		Usr 0 00:00:00, Sys 0 00:00:00  -  Total Local Usage
	10  -  Run Bytes Sent By Job
	11305  -  Run Bytes Received By Job
	10  -  Total Bytes Sent By Job
	11305  -  Total Bytes Received By Job
...
001 (9885.030.000) 11/24 17:02:45 Job executing on host: <192.168.1.108:51222>
...
005 (9885.029.000) 11/24 17:02:45 Job terminated.
	(1) Normal termination (return value 0)
		Usr 0 00:00:00, Sys 0 00:00:00  -  Run Remote Usage
		Usr 0 00:00:00, Sys 0 00:00:00  -  Run Local Usage
		Usr 0 00:00:00, Sys 0 00:00:00  -  Total Remote Usage
		Usr 0 00:00:00, Sys 0 00:00:00  -  Total Local Usage
	10  -  Run Bytes Sent By Job
	11305  -  Run Bytes Received By Job
	10  -  Total Bytes Sent By Job
	11305  -  Total Bytes Received By Job
...
005 (9885.028.000) 11/24 17:02:45 Job terminated.
	(1) Normal termination (return value 0)
		Usr 0 00:00:00, Sys 0 00:00:00  -  Run Remote Usage
		Usr 0 00:00:00, Sys 0 00:00:00  -  Run Local Usage
		Usr 0 00:00:00, Sys 0 00:00:00  -  Total Remote Usage
		Usr 0 00:00:00, Sys 0 00:00:00  -  Total Local Usage
	10  -  Run Bytes Sent By Job
	11305  -  Run Bytes Received By Job
	10  -  Total Bytes Sent By Job
	11305  -  Total Bytes Received By Job
...
001 (9885.031.000) 11/24 17:02:45 Job executing on host: <192.168.1.106:36053>
...
005 (9885.027.000) 11/24 17:02:45 Job terminated.
	(1) Normal termination (return value 0)
		Usr 0 00:00:00, Sys 0 00:00:00  -  Run Remote Usage
		Usr 0 00:00:00, Sys 0 00:00:00  -  Run Local Usage
		Usr 0 00:00:00, Sys 0 00:00:00  -  Total Remote Usage
		Usr 0 00:00:00, Sys 0 00:00:00  -  Total Local Usage
	10  -  Run Bytes Sent By Job
	11305  -  Run Bytes Received By Job
	10  -  Total Bytes Sent By Job
	11305  -  Total Bytes Received By Job
...
001 (9885.032.000) 11/24 17:02:45 Job executing on host: <192.168.1.103:46516>
...
001 (9885.033.000) 11/24 17:02:45 Job executing on host: <192.168.1.104:54932>
...
001 (9885.034.000) 11/24 17:02:45 Job executing on host: <192.168.1.106:36053>
...
001 (9885.035.000) 11/24 17:02:45 Job executing on host: <192.168.1.104:54932>
...
001 (9885.038.000) 11/24 17:02:45 Job executing on host: <192.168.1.106:36053>
...
001 (9885.037.000) 11/24 17:02:45 Job executing on host: <192.168.1.108:51222>
...
001 (9885.036.000) 11/24 17:02:45 Job executing on host: <192.168.1.107:35961>
...
001 (9885.040.000) 11/24 17:02:45 Job executing on host: <192.168.1.107:35961>
...
001 (9885.039.000) 11/24 17:02:45 Job executing on host: <192.168.1.104:54932>
...
001 (9885.041.000) 11/24 17:02:45 Job executing on host: <192.168.1.108:51222>
...
001 (9885.042.000) 11/24 17:02:45 Job executing on host: <192.168.1.108:51222>
...
001 (9885.043.000) 11/24 17:02:45 Job executing on host: <192.168.1.107:35961>
...
001 (9885.044.000) 11/24 17:02:45 Job executing on host: <192.168.1.103:46516>
...
001 (9885.045.000) 11/24 17:02:45 Job executing on host: <192.168.1.102:32853>
...
001 (9885.046.000) 11/24 17:02:45 Job executing on host: <192.168.1.107:35961>
...
005 (9885.030.000) 11/24 17:02:46 Job terminated.
	(1) Normal termination (return value 0)
		Usr 0 00:00:00, Sys 0 00:00:00  -  Run Remote Usage
		Usr 0 00:00:00, Sys 0 00:00:00  -  Run Local Usage
		Usr 0 00:00:00, Sys 0 00:00:00  -  Total Remote Usage
		Usr 0 00:00:00, Sys 0 00:00:00  -  Total Local Usage
	10  -  Run Bytes Sent By Job
	11305  -  Run Bytes Received By Job
	10  -  Total Bytes Sent By Job
	11305  -  Total Bytes Received By Job
...
005 (9885.032.000) 11/24 17:02:46 Job terminated.
	(1) Normal termination (return value 0)
		Usr 0 00:00:00, Sys 0 00:00:00  -  Run Remote Usage
		Usr 0 00:00:00, Sys 0 00:00:00  -  Run Local Usage
		Usr 0 00:00:00, Sys 0 00:00:00  -  Total Remote Usage
		Usr 0 00:00:00, Sys 0 00:00:00  -  Total Local Usage
	10  -  Run Bytes Sent By Job
	11305  -  Run Bytes Received By Job
	10  -  Total Bytes Sent By Job
	11305  -  Total Bytes Received By Job
...
005 (9885.033.000) 11/24 17:02:46 Job terminated.
	(1) Normal termination (return value 0)
		Usr 0 00:00:00, Sys 0 00:00:00  -  Run Remote Usage
		Usr 0 00:00:00, Sys 0 00:00:00  -  Run Local Usage
		Usr 0 00:00:00, Sys 0 00:00:00  -  Total Remote Usage
		Usr 0 00:00:00, Sys 0 00:00:00  -  Total Local Usage
	10  -  Run Bytes Sent By Job
	11305  -  Run Bytes Received By Job
	10  -  Total Bytes Sent By Job
	11305  -  Total Bytes Received By Job
...
005 (9885.034.000) 11/24 17:02:46 Job terminated.
	(1) Normal termination (return value 0)
		Usr 0 00:00:00, Sys 0 00:00:00  -  Run Remote Usage
		Usr 0 00:00:00, Sys 0 00:00:00  -  Run Local Usage
		Usr 0 00:00:00, Sys 0 00:00:00  -  Total Remote Usage
		Usr 0 00:00:00, Sys 0 00:00:00  -  Total Local Usage
	10  -  Run Bytes Sent By Job
	11305  -  Run Bytes Received By Job
	10  -  Total Bytes Sent By Job
	11305  -  Total Bytes Received By Job
...
001 (9885.047.000) 11/24 17:02:46 Job executing on host: <192.168.1.104:54932>
...
001 (9885.048.000) 11/24 17:02:46 Job executing on host: <192.168.1.103:46516>
...
005 (9885.035.000) 11/24 17:02:46 Job terminated.
	(1) Normal termination (return value 0)
		Usr 0 00:00:00, Sys 0 00:00:00  -  Run Remote Usage
		Usr 0 00:00:00, Sys 0 00:00:00  -  Run Local Usage
		Usr 0 00:00:00, Sys 0 00:00:00  -  Total Remote Usage
		Usr 0 00:00:00, Sys 0 00:00:00  -  Total Local Usage
	10  -  Run Bytes Sent By Job
	11305  -  Run Bytes Received By Job
	10  -  Total Bytes Sent By Job
	11305  -  Total Bytes Received By Job
...
001 (9885.049.000) 11/24 17:02:47 Job executing on host: <192.168.1.102:32853>
...
005 (9885.038.000) 11/24 17:02:47 Job terminated.
	(1) Normal termination (return value 0)
		Usr 0 00:00:00, Sys 0 00:00:00  -  Run Remote Usage
		Usr 0 00:00:00, Sys 0 00:00:00  -  Run Local Usage
		Usr 0 00:00:00, Sys 0 00:00:00  -  Total Remote Usage
		Usr 0 00:00:00, Sys 0 00:00:00  -  Total Local Usage
	10  -  Run Bytes Sent By Job
	11305  -  Run Bytes Received By Job
	10  -  Total Bytes Sent By Job
	11305  -  Total Bytes Received By Job
...
005 (9885.040.000) 11/24 17:02:47 Job terminated.
	(1) Normal termination (return value 0)
		Usr 0 00:00:00, Sys 0 00:00:00  -  Run Remote Usage
		Usr 0 00:00:00, Sys 0 00:00:00  -  Run Local Usage
		Usr 0 00:00:00, Sys 0 00:00:00  -  Total Remote Usage
		Usr 0 00:00:00, Sys 0 00:00:00  -  Total Local Usage
	10  -  Run Bytes Sent By Job
	11305  -  Run Bytes Received By Job
	10  -  Total Bytes Sent By Job
	11305  -  Total Bytes Received By Job
...
005 (9885.037.000) 11/24 17:02:48 Job terminated.
	(1) Normal termination (return value 0)
		Usr 0 00:00:00, Sys 0 00:00:00  -  Run Remote Usage
		Usr 0 00:00:00, Sys 0 00:00:00  -  Run Local Usage
		Usr 0 00:00:00, Sys 0 00:00:00  -  Total Remote Usage
		Usr 0 00:00:00, Sys 0 00:00:00  -  Total Local Usage
	10  -  Run Bytes Sent By Job
	11305  -  Run Bytes Received By Job
	10  -  Total Bytes Sent By Job
	11305  -  Total Bytes Received By Job
...
005 (9885.043.000) 11/24 17:02:48 Job terminated.
	(1) Normal termination (return value 0)
		Usr 0 00:00:00, Sys 0 00:00:00  -  Run Remote Usage
		Usr 0 00:00:00, Sys 0 00:00:00  -  Run Local Usage
		Usr 0 00:00:00, Sys 0 00:00:00  -  Total Remote Usage
		Usr 0 00:00:00, Sys 0 00:00:00  -  Total Local Usage
	10  -  Run Bytes Sent By Job
	11305  -  Run Bytes Received By Job
	10  -  Total Bytes Sent By Job
	11305  -  Total Bytes Received By Job
...
005 (9885.039.000) 11/24 17:02:48 Job terminated.
	(1) Normal termination (return value 0)
		Usr 0 00:00:00, Sys 0 00:00:00  -  Run Remote Usage
		Usr 0 00:00:00, Sys 0 00:00:00  -  Run Local Usage
		Usr 0 00:00:00, Sys 0 00:00:00  -  Total Remote Usage
		Usr 0 00:00:00, Sys 0 00:00:00  -  Total Local Usage
	10  -  Run Bytes Sent By Job
	11305  -  Run Bytes Received By Job
	10  -  Total Bytes Sent By Job
	11305  -  Total Bytes Received By Job
...
005 (9885.042.000) 11/24 17:02:48 Job terminated.
	(1) Normal termination (return value 0)
		Usr 0 00:00:00, Sys 0 00:00:00  -  Run Remote Usage
		Usr 0 00:00:00, Sys 0 00:00:00  -  Run Local Usage
		Usr 0 00:00:00, Sys 0 00:00:00  -  Total Remote Usage
		Usr 0 00:00:00, Sys 0 00:00:00  -  Total Local Usage
	10  -  Run Bytes Sent By Job
	11305  -  Run Bytes Received By Job
	10  -  Total Bytes Sent By Job
	11305  -  Total Bytes Received By Job
...
005 (9885.031.000) 11/24 17:02:49 Job terminated.
	(1) Normal termination (return value 0)
		Usr 0 00:00:00, Sys 0 00:00:00  -  Run Remote Usage
		Usr 0 00:00:00, Sys 0 00:00:00  -  Run Local Usage
		Usr 0 00:00:00, Sys 0 00:00:00  -  Total Remote Usage
		Usr 0 00:00:00, Sys 0 00:00:00  -  Total Local Usage
	10  -  Run Bytes Sent By Job
	11305  -  Run Bytes Received By Job
	10  -  Total Bytes Sent By Job
	11305  -  Total Bytes Received By Job
...
005 (9885.041.000) 11/24 17:02:49 Job terminated.
	(1) Normal termination (return value 0)
		Usr 0 00:00:00, Sys 0 00:00:00  -  Run Remote Usage
		Usr 0 00:00:00, Sys 0 00:00:00  -  Run Local Usage
		Usr 0 00:00:00, Sys 0 00:00:00  -  Total Remote Usage
		Usr 0 00:00:00, Sys 0 00:00:00  -  Total Local Usage
	10  -  Run Bytes Sent By Job
	11305  -  Run Bytes Received By Job
	10  -  Total Bytes Sent By Job
	11305  -  Total Bytes Received By Job
...
005 (9885.036.000) 11/24 17:02:49 Job terminated.
	(1) Normal termination (return value 0)
		Usr 0 00:00:00, Sys 0 00:00:00  -  Run Remote Usage
		Usr 0 00:00:00, Sys 0 00:00:00  -  Run Local Usage
		Usr 0 00:00:00, Sys 0 00:00:00  -  Total Remote Usage
		Usr 0 00:00:00, Sys 0 00:00:00  -  Total Local Usage
	10  -  Run Bytes Sent By Job
	11305  -  Run Bytes Received By Job
	10  -  Total Bytes Sent By Job
	11305  -  Total Bytes Received By Job
...
005 (9885.044.000) 11/24 17:02:50 Job terminated.
	(1) Normal termination (return value 0)
		Usr 0 00:00:00, Sys 0 00:00:00  -  Run Remote Usage
		Usr 0 00:00:00, Sys 0 00:00:00  -  Run Local Usage
		Usr 0 00:00:00, Sys 0 00:00:00  -  Total Remote Usage
		Usr 0 00:00:00, Sys 0 00:00:00  -  Total Local Usage
	10  -  Run Bytes Sent By Job
	11305  -  Run Bytes Received By Job
	10  -  Total Bytes Sent By Job
	11305  -  Total Bytes Received By Job
...
005 (9885.046.000) 11/24 17:02:50 Job terminated.
	(1) Normal termination (return value 0)
		Usr 0 00:00:00, Sys 0 00:00:00  -  Run Remote Usage
		Usr 0 00:00:00, Sys 0 00:00:00  -  Run Local Usage
		Usr 0 00:00:00, Sys 0 00:00:00  -  Total Remote Usage
		Usr 0 00:00:00, Sys 0 00:00:00  -  Total Local Usage
	10  -  Run Bytes Sent By Job
	11305  -  Run Bytes Received By Job
	10  -  Total Bytes Sent By Job
	11305  -  Total Bytes Received By Job
...
005 (9885.045.000) 11/24 17:02:50 Job terminated.
	(1) Normal termination (return value 0)
		Usr 0 00:00:00, Sys 0 00:00:00  -  Run Remote Usage
		Usr 0 00:00:00, Sys 0 00:00:00  -  Run Local Usage
		Usr 0 00:00:00, Sys 0 00:00:00  -  Total Remote Usage
		Usr 0 00:00:00, Sys 0 00:00:00  -  Total Local Usage
	10  -  Run Bytes Sent By Job
	11305  -  Run Bytes Received By Job
	10  -  Total Bytes Sent By Job
	11305  -  Total Bytes Received By Job
...
005 (9885.047.000) 11/24 17:02:51 Job terminated.
	(1) Normal termination (return value 0)
		Usr 0 00:00:00, Sys 0 00:00:00  -  Run Remote Usage
		Usr 0 00:00:00, Sys 0 00:00:00  -  Run Local Usage
		Usr 0 00:00:00, Sys 0 00:00:00  -  Total Remote Usage
		Usr 0 00:00:00, Sys 0 00:00:00  -  Total Local Usage
	10  -  Run Bytes Sent By Job
	11305  -  Run Bytes Received By Job
	10  -  Total Bytes Sent By Job
	11305  -  Total Bytes Received By Job
...
005 (9885.048.000) 11/24 17:02:51 Job terminated.
	(1) Normal termination (return value 0)
		Usr 0 00:00:00, Sys 0 00:00:00  -  Run Remote Usage
		Usr 0 00:00:00, Sys 0 00:00:00  -  Run Local Usage
		Usr 0 00:00:00, Sys 0 00:00:00  -  Total Remote Usage
		Usr 0 00:00:00, Sys 0 00:00:00  -  Total Local Usage
	10  -  Run Bytes Sent By Job
	11305  -  Run Bytes Received By Job
	10  -  Total Bytes Sent By Job
	11305  -  Total Bytes Received By Job
...
005 (9885.049.000) 11/24 17:02:51 Job terminated.
	(1) Normal termination (return value 0)
		Usr 0 00:00:00, Sys 0 00:00:00  -  Run Remote Usage
		Usr 0 00:00:00, Sys 0 00:00:00  -  Run Local Usage
		Usr 0 00:00:00, Sys 0 00:00:00  -  Total Remote Usage
		Usr 0 00:00:00, Sys 0 00:00:00  -  Total Local Usage
	10  -  Run Bytes Sent By Job
	11305  -  Run Bytes Received By Job
	10  -  Total Bytes Sent By Job
	11305  -  Total Bytes Received By Job
...
