000 (9681.001.000) 11/21 15:45:45 Job submitted from host: <192.168.1.1:55361>
...
001 (9681.001.000) 11/21 15:46:42 Job executing on host: <192.168.1.102:32853>
...
010 (9681.001.000) 11/21 15:46:45 Job was suspended.
	Number of processes actually suspended: 1
...
006 (9681.001.000) 11/21 15:46:45 Image size of job updated: 1668
...
011 (9681.001.000) 11/21 15:49:15 Job was unsuspended.
...
005 (9681.001.000) 11/21 15:50:19 Job terminated.
	(1) Normal termination (return value 1)
		Usr 0 00:00:57, Sys 0 00:00:00  -  Run Remote Usage
		Usr 0 00:00:00, Sys 0 00:00:00  -  Run Local Usage
		Usr 0 00:00:57, Sys 0 00:00:00  -  Total Remote Usage
		Usr 0 00:00:00, Sys 0 00:00:00  -  Total Local Usage
	1765  -  Run Bytes Sent By Job
	17692  -  Run Bytes Received By Job
	1765  -  Total Bytes Sent By Job
	17692  -  Total Bytes Received By Job
...
000 (9770.001.000) 11/24 15:38:33 Job submitted from host: <192.168.1.1:55361>
...
001 (9770.001.000) 11/24 15:43:41 Job executing on host: <192.168.1.102:32853>
...
006 (9770.001.000) 11/24 15:43:49 Image size of job updated: 1668
...
005 (9770.001.000) 11/24 15:44:47 Job terminated.
	(1) Normal termination (return value 1)
		Usr 0 00:00:58, Sys 0 00:00:00  -  Run Remote Usage
		Usr 0 00:00:00, Sys 0 00:00:00  -  Run Local Usage
		Usr 0 00:00:58, Sys 0 00:00:00  -  Total Remote Usage
		Usr 0 00:00:00, Sys 0 00:00:00  -  Total Local Usage
	1765  -  Run Bytes Sent By Job
	17692  -  Run Bytes Received By Job
	1765  -  Total Bytes Sent By Job
	17692  -  Total Bytes Received By Job
...
000 (9834.001.000) 11/24 16:34:00 Job submitted from host: <192.168.1.1:55361>
...
001 (9834.001.000) 11/24 16:34:05 Job executing on host: <192.168.1.103:46516>
...
006 (9834.001.000) 11/24 16:34:13 Image size of job updated: 1668
...
005 (9834.001.000) 11/24 16:35:11 Job terminated.
	(1) Normal termination (return value 1)
		Usr 0 00:00:52, Sys 0 00:00:00  -  Run Remote Usage
		Usr 0 00:00:00, Sys 0 00:00:00  -  Run Local Usage
		Usr 0 00:00:52, Sys 0 00:00:00  -  Total Remote Usage
		Usr 0 00:00:00, Sys 0 00:00:00  -  Total Local Usage
	1765  -  Run Bytes Sent By Job
	17692  -  Run Bytes Received By Job
	1765  -  Total Bytes Sent By Job
	17692  -  Total Bytes Received By Job
...
