000 (9682.000.000) 11/21 15:47:02 Job submitted from host: <192.168.1.1:55361>
...
000 (9682.001.000) 11/21 15:47:02 Job submitted from host: <192.168.1.1:55361>
...
000 (9682.002.000) 11/21 15:47:02 Job submitted from host: <192.168.1.1:55361>
...
000 (9682.003.000) 11/21 15:47:02 Job submitted from host: <192.168.1.1:55361>
...
000 (9682.004.000) 11/21 15:47:02 Job submitted from host: <192.168.1.1:55361>
...
001 (9682.000.000) 11/21 15:50:20 Job executing on host: <192.168.1.102:32853>
...
006 (9682.000.000) 11/21 15:50:28 Image size of job updated: 1668
...
005 (9682.000.000) 11/21 15:51:04 Job terminated.
	(1) Normal termination (return value 1)
		Usr 0 00:00:35, Sys 0 00:00:00  -  Run Remote Usage
		Usr 0 00:00:00, Sys 0 00:00:00  -  Run Local Usage
		Usr 0 00:00:35, Sys 0 00:00:00  -  Total Remote Usage
		Usr 0 00:00:00, Sys 0 00:00:00  -  Total Local Usage
	1765  -  Run Bytes Sent By Job
	17692  -  Run Bytes Received By Job
	1765  -  Total Bytes Sent By Job
	17692  -  Total Bytes Received By Job
...
001 (9682.001.000) 11/21 15:51:05 Job executing on host: <192.168.1.102:32853>
...
006 (9682.001.000) 11/21 15:51:13 Image size of job updated: 1668
...
005 (9682.001.000) 11/21 15:51:49 Job terminated.
	(1) Normal termination (return value 1)
		Usr 0 00:00:35, Sys 0 00:00:00  -  Run Remote Usage
		Usr 0 00:00:00, Sys 0 00:00:00  -  Run Local Usage
		Usr 0 00:00:35, Sys 0 00:00:00  -  Total Remote Usage
		Usr 0 00:00:00, Sys 0 00:00:00  -  Total Local Usage
	1765  -  Run Bytes Sent By Job
	17692  -  Run Bytes Received By Job
	1765  -  Total Bytes Sent By Job
	17692  -  Total Bytes Received By Job
...
001 (9682.002.000) 11/21 15:51:51 Job executing on host: <192.168.1.102:32853>
...
006 (9682.002.000) 11/21 15:51:59 Image size of job updated: 1668
...
005 (9682.002.000) 11/21 15:52:35 Job terminated.
	(1) Normal termination (return value 1)
		Usr 0 00:00:34, Sys 0 00:00:00  -  Run Remote Usage
		Usr 0 00:00:00, Sys 0 00:00:00  -  Run Local Usage
		Usr 0 00:00:34, Sys 0 00:00:00  -  Total Remote Usage
		Usr 0 00:00:00, Sys 0 00:00:00  -  Total Local Usage
	1765  -  Run Bytes Sent By Job
	17692  -  Run Bytes Received By Job
	1765  -  Total Bytes Sent By Job
	17692  -  Total Bytes Received By Job
...
001 (9682.003.000) 11/21 15:52:36 Job executing on host: <192.168.1.102:32853>
...
006 (9682.003.000) 11/21 15:52:44 Image size of job updated: 1668
...
005 (9682.003.000) 11/21 15:53:20 Job terminated.
	(1) Normal termination (return value 1)
		Usr 0 00:00:43, Sys 0 00:00:00  -  Run Remote Usage
		Usr 0 00:00:00, Sys 0 00:00:00  -  Run Local Usage
		Usr 0 00:00:43, Sys 0 00:00:00  -  Total Remote Usage
		Usr 0 00:00:00, Sys 0 00:00:00  -  Total Local Usage
	1765  -  Run Bytes Sent By Job
	17692  -  Run Bytes Received By Job
	1765  -  Total Bytes Sent By Job
	17692  -  Total Bytes Received By Job
...
001 (9682.004.000) 11/21 15:53:21 Job executing on host: <192.168.1.102:32853>
...
006 (9682.004.000) 11/21 15:53:29 Image size of job updated: 1668
...
005 (9682.004.000) 11/21 15:54:06 Job terminated.
	(1) Normal termination (return value 1)
		Usr 0 00:00:43, Sys 0 00:00:00  -  Run Remote Usage
		Usr 0 00:00:00, Sys 0 00:00:00  -  Run Local Usage
		Usr 0 00:00:43, Sys 0 00:00:00  -  Total Remote Usage
		Usr 0 00:00:00, Sys 0 00:00:00  -  Total Local Usage
	1765  -  Run Bytes Sent By Job
	17692  -  Run Bytes Received By Job
	1765  -  Total Bytes Sent By Job
	17692  -  Total Bytes Received By Job
...
